


ARM Macro Assembler    Page 1 


    1 00000000                 AREA             AsmTemplate, CODE, READONLY
    2 00000000         ; AREA reset, CODE, READONLY
    3 00000000                 IMPORT           main
    4 00000000         
    5 00000000         ; sample program makes the 4 LEDs P1.16, P1.17, P1.18, P
                       1.19 go on and off in sequence
    6 00000000         ; (c) Mike Brady, 2011 -- 2019.
    7 00000000         
    8 00000000                 EXPORT           start
    9 00000000         start
   10 00000000         
   11 00000000 E0028018 
                       IO1DIR  EQU              0xE0028018
   12 00000000 E0028014 
                       IO1SET  EQU              0xE0028014
   13 00000000 E002801C 
                       IO1CLR  EQU              0xE002801C
   14 00000000 E0028010 
                       IO1PIN  EQU              0xE0028010
   15 00000000         
   16 00000000 E59FD36C        ldr              sp,=0x40002000
   17 00000004         
   18 00000004 E59F136C        ldr              r1,=IO1DIR
   19 00000008 E3A0280F        ldr              r2,=0x000f0000 ;select P1.19--P
                                                            1.16
   20 0000000C E5812000        str              r2,[r1]     ;make them outputs
   21 00000010 E59F1364        ldr              r1,=IO1SET
   22 00000014 E5812000        str              r2,[r1]     ;set them to turn t
                                                            he LEDs off
   23 00000018 E59F2360        ldr              r2,=IO1CLR
   24 0000001C         ; r1 points to the SET register
   25 0000001C         ; r2 points to the CLEAR register
   26 0000001C         
   27 0000001C         
   28 0000001C         
   29 0000001C         
   30 0000001C         ;kloop
   31 0000001C         ;bl pressButtons
   32 0000001C         ;cmp r0,#23
   33 0000001C         ;beq turnon
   34 0000001C         ;b kloop
   35 0000001C         
   36 0000001C         ;turnon
   37 0000001C         ;ldr r12,=0x00010000
   38 0000001C         ;str r12,[r2]
   39 0000001C         
   40 0000001C         
   41 0000001C E3A03000        ldr              r3, =0
   42 00000020 E3A04000        ldr              r4, =0
   43 00000024         ;beginLoop
   44 00000024         ;cmp r3, #15
   45 00000024         ;bgt endLoop
   46 00000024         ;bl  display
   47 00000024         ;add r3, r3, #1
   48 00000024         ;b beginLoop
   49 00000024         ;endLoop
   50 00000024         Main
   51 00000024 EB000028        bl               pressButtons
   52 00000028         



ARM Macro Assembler    Page 2 


   53 00000028 E3700015        cmp              r0, #-21
   54 0000002C 0A000022        beq              clrOpr
   55 00000030 E3700014        cmp              r0, #-20
   56 00000034 0A00001B        beq              clear
   57 00000038 E3500017        cmp              r0, #23
   58 0000003C 0A000006        beq              addOne
   59 00000040 E3500016        cmp              r0, #22
   60 00000044 0A000007        beq              subOne
   61 00000048 E3500015        cmp              r0, #21
   62 0000004C 0A000008        beq              getSecNumToAdd
   63 00000050 E3500014        cmp              r0, #20
   64 00000054 0A00000B        beq              getSecNumToSub
   65 00000058 EAFFFFF1        b                Main
   66 0000005C         addOne
   67 0000005C E2833001        add              r3, r3, #1
   68 00000060 EB000048        bl               display
   69 00000064 EAFFFFEE        b                Main
   70 00000068         subOne
   71 00000068 E2433001        sub              r3, r3, #1
   72 0000006C EB000045        bl               display
   73 00000070 EAFFFFEB        b                Main
   74 00000074         getSecNumToAdd
   75 00000074 E0834004        add              r4, r3, r4
   76 00000078 E1A03004        mov              r3, r4
   77 0000007C EB000041        bl               display
   78 00000080 E3A03000        mov              r3, #0
   79 00000084 EAFFFFE6        b                Main
   80 00000088         getSecNumToSub
   81 00000088 E3540000        cmp              r4,#0
   82 0000008C 0A000001        beq              dispFirstNum
   83 00000090 E0444003        sub              r4, r4, r3
   84 00000094 E1A03004        mov              r3, r4
   85 00000098         dispFirstNum
   86 00000098 EB00003A        bl               display
   87 0000009C E1A04003        mov              r4, r3      ;
   88 000000A0 E3A03000        mov              r3, #0
   89 000000A4 EAFFFFDE        b                Main
   90 000000A8         
   91 000000A8         ;addNums
   92 000000A8         ;mov r5, #0
   93 000000A8         ;mov r4, r3
   94 000000A8         ;cmp r5, #1
   95 000000A8         ;beq skip
   96 000000A8         ;mov r5, #1
   97 000000A8         ;b Main
   98 000000A8         ;skip
   99 000000A8         ;add r3,r4,r3
  100 000000A8         ;bl  display
  101 000000A8         ;mov r4,r3
  102 000000A8         ;mov r5,#0
  103 000000A8         ;mov r3,#0
  104 000000A8         ;bl  display
  105 000000A8         ;b Main
  106 000000A8         
  107 000000A8         
  108 000000A8         clear
  109 000000A8 E3A00000        mov              r0, #0
  110 000000AC E3A03000        mov              r3, #0
  111 000000B0 E3A04000        mov              r4, #0



ARM Macro Assembler    Page 3 


  112 000000B4 EB000033        bl               display
  113 000000B8 EAFFFFD9        b                Main
  114 000000BC         
  115 000000BC         clrOpr
  116 000000BC E1A03004        mov              r3,r4
  117 000000C0 EB000030        bl               display
  118 000000C4 EAFFFFD6        b                Main
  119 000000C8         
  120 000000C8         ; 3 + 3 =(- or +)
  121 000000C8         ; 6 + enter number
  122 000000C8         ; clear
  123 000000C8         
  124 000000C8 EAFFFFFE 
                       stop    B                stop
  125 000000CC         
  126 000000CC         
  127 000000CC         
  128 000000CC         
  129 000000CC         
  130 000000CC         
  131 000000CC         
  132 000000CC         pressButtons
  133 000000CC E92D5FF8        push{r3-r12,     lr}
  134 000000D0         
  135 000000D0         loop
  136 000000D0 E59F52AC        ldr              r5, =IO1PIN
  137 000000D4 E5956000        ldr              r6,[r5]
  138 000000D8 E206660F        and              r6, r6, #0x00f00000
  139 000000DC E356060E        cmp              r6, #0x00E00000
  140 000000E0 0A000006        beq              button1
  141 000000E4 E356060D        cmp              r6,#0x00D00000
  142 000000E8 0A000006        beq              button2
  143 000000EC E356060B        cmp              r6,#0x00B00000
  144 000000F0 0A000006        beq              button3
  145 000000F4 E3560607        cmp              r6,#0x00700000
  146 000000F8 0A000006        beq              button4
  147 000000FC EAFFFFF3        b                loop
  148 00000100         button1
  149 00000100 E3A00014        mov              r0, #20
  150 00000104 EA000005        b                delay
  151 00000108         button2
  152 00000108 E3A00015        mov              r0, #21
  153 0000010C EA000003        b                delay
  154 00000110         button3
  155 00000110 E3A00016        mov              r0, #22
  156 00000114 EA000001        b                delay
  157 00000118         button4
  158 00000118 E3A00017        mov              r0, #23
  159 0000011C EAFFFFFF        b                delay
  160 00000120         
  161 00000120         delay
  162 00000120 E59FA260        ldr              r10, =1600000
  163 00000124         deLoop
  164 00000124 E24AA001        sub              r10, r10, #1
  165 00000128 E35A0000        cmp              r10, #0
  166 0000012C 0A000000        beq              longTest
  167 00000130 EAFFFFFB        b                deLoop
  168 00000134         
  169 00000134         longTest



ARM Macro Assembler    Page 4 


  170 00000134         
  171 00000134 E5956000        ldr              r6,[r5]
  172 00000138 E206660F        and              r6, r6, #0x00f00000
  173 0000013C         
  174 0000013C E356060E        cmp              r6, #0x00E00000
  175 00000140 0A000006        beq              button1lp
  176 00000144 E356060D        cmp              r6,#0x00D00000
  177 00000148 0A000006        beq              button2lp
  178 0000014C E356060B        cmp              r6,#0x00B00000
  179 00000150 0A000006        beq              button3lp
  180 00000154 E3560607        cmp              r6,#0x00700000
  181 00000158 0A000006        beq              button4lp
  182 0000015C         
  183 0000015C EA000007        b                finish
  184 00000160         
  185 00000160         button1lp
  186 00000160 E3E00013        mov              r0, #-20
  187 00000164 EA000005        b                finish
  188 00000168         button2lp
  189 00000168 E3E00014        mov              r0, #-21
  190 0000016C EA000003        b                finish
  191 00000170         button3lp
  192 00000170 E3A00016        mov              r0, #22
  193 00000174 EA000001        b                finish
  194 00000178         button4lp
  195 00000178 E3A00017        mov              r0, #23
  196 0000017C EAFFFFFF        b                finish
  197 00000180         
  198 00000180         
  199 00000180         
  200 00000180         finish
  201 00000180         
  202 00000180 E8BD9FF8        pop{r3-r12,      pc}
  203 00000184 E12FFF1E        bx               lr
  204 00000188         
  205 00000188         
  206 00000188         
  207 00000188         display
  208 00000188 E92D5FF0        push{r4-r12,lr}
  209 0000018C         
  210 0000018C E59F41F8        ldr              r4, =2000000 ; delay value
  211 00000190         deloop
  212 00000190 E2544001        subs             r4,r4,#1
  213 00000194 E3540000        cmp              r4,#0
  214 00000198 1AFFFFFC        bne              deloop
  215 0000019C         
  216 0000019C E3A0B80F        mov              r11, #0x000f0000
  217 000001A0 E581B000        str              r11, [r1]
  218 000001A4         
  219 000001A4 E3A0B80F        ldr              r11, =0x000f0000
  220 000001A8 E3530000        cmp              r3, #0
  221 000001AC 1A000001        bne              cmpOne
  222 000001B0 E581B000        str              r11, [r1]
  223 000001B4 EA000067        b                done
  224 000001B8         cmpOne
  225 000001B8 E3530001        cmp              r3, #1
  226 000001BC 0A000001        beq              dispOne
  227 000001C0 E373000F        cmp              r3, #-15
  228 000001C4 1A000002        bne              cmpTwo



ARM Macro Assembler    Page 5 


  229 000001C8         dispOne
  230 000001C8 E3A0B702        mov              r11, #0x00080000
  231 000001CC E582B000        str              r11, [r2]
  232 000001D0 EA000060        b                done
  233 000001D4         cmpTwo
  234 000001D4 E3530002        cmp              r3, #2
  235 000001D8 0A000001        beq              dispTwo
  236 000001DC E373000E        cmp              r3, #-14
  237 000001E0 1A000002        bne              cmpThree
  238 000001E4         dispTwo
  239 000001E4 E3A0B701        mov              r11, #0x00040000
  240 000001E8 E582B000        str              r11, [r2]
  241 000001EC EA000059        b                done
  242 000001F0         cmpThree
  243 000001F0 E3530003        cmp              r3, #3
  244 000001F4 0A000001        beq              dispThree
  245 000001F8 E373000D        cmp              r3, #-13
  246 000001FC 1A000002        bne              cmpFour
  247 00000200         dispThree
  248 00000200 E3A0B703        mov              r11, #0x000C0000
  249 00000204 E582B000        str              r11, [r2]
  250 00000208 EA000052        b                done
  251 0000020C         cmpFour
  252 0000020C E3530004        cmp              r3, #4
  253 00000210 0A000001        beq              dispFour
  254 00000214 E373000C        cmp              r3, #-12
  255 00000218 1A000002        bne              cmpFive
  256 0000021C         dispFour
  257 0000021C E3A0B802        mov              r11, #0x00020000
  258 00000220 E582B000        str              r11, [r2]
  259 00000224 EA00004B        b                done
  260 00000228         cmpFive
  261 00000228 E3530005        cmp              r3, #5
  262 0000022C 0A000001        beq              dispFive
  263 00000230 E373000B        cmp              r3, #-11
  264 00000234 1A000002        bne              cmpSix
  265 00000238         dispFive
  266 00000238 E3A0B80A        mov              r11, #0x000A0000
  267 0000023C E582B000        str              r11, [r2]
  268 00000240 EA000044        b                done
  269 00000244         cmpSix
  270 00000244 E3530006        cmp              r3, #6
  271 00000248 0A000001        beq              dispSix
  272 0000024C E373000A        cmp              r3, #-10
  273 00000250 1A000002        bne              cmpSeven
  274 00000254         dispSix
  275 00000254 E3A0B806        mov              r11, #0x00060000
  276 00000258 E582B000        str              r11, [r2]
  277 0000025C EA00003D        b                done
  278 00000260         cmpSeven
  279 00000260 E3530007        cmp              r3, #7
  280 00000264 0A000001        beq              dispSeven
  281 00000268 E3730009        cmp              r3, #-9
  282 0000026C 1A000002        bne              cmpEight
  283 00000270         dispSeven
  284 00000270 E3A0B80E        mov              r11, #0x000E0000
  285 00000274 E582B000        str              r11, [r2]
  286 00000278 EA000036        b                done
  287 0000027C         cmpEight



ARM Macro Assembler    Page 6 


  288 0000027C E3530008        cmp              r3, #8
  289 00000280 0A000001        beq              dispEight
  290 00000284 E3730008        cmp              r3, #-8
  291 00000288 1A000002        bne              cmpNine
  292 0000028C         dispEight
  293 0000028C E3A0B801        mov              r11, #0x00010000
  294 00000290 E582B000        str              r11, [r2]
  295 00000294 EA00002F        b                done
  296 00000298         cmpNine
  297 00000298 E3530009        cmp              r3, #9
  298 0000029C 0A000001        beq              dispNine
  299 000002A0 E3730007        cmp              r3, #-7
  300 000002A4 1A000002        bne              cmpTen
  301 000002A8         dispNine
  302 000002A8 E3A0B809        mov              r11, #0x00090000
  303 000002AC E582B000        str              r11, [r2]
  304 000002B0 EA000028        b                done
  305 000002B4         cmpTen
  306 000002B4 E353000A        cmp              r3, #10
  307 000002B8 0A000001        beq              dispTen
  308 000002BC E3730006        cmp              r3, #-6
  309 000002C0 1A000002        bne              cmpEleven
  310 000002C4         dispTen
  311 000002C4 E3A0B805        mov              r11, #0x00050000
  312 000002C8 E582B000        str              r11, [r2]
  313 000002CC EA000021        b                done
  314 000002D0         cmpEleven
  315 000002D0 E353000B        cmp              r3, #11
  316 000002D4 0A000001        beq              dispEleven
  317 000002D8 E3730005        cmp              r3, #-5
  318 000002DC 1A000002        bne              cmpTwelve
  319 000002E0         dispEleven
  320 000002E0 E3A0B80D        mov              r11, #0x000D0000
  321 000002E4 E582B000        str              r11, [r2]
  322 000002E8 EA00001A        b                done
  323 000002EC         cmpTwelve
  324 000002EC E353000C        cmp              r3, #12
  325 000002F0 0A000001        beq              dispTwelve
  326 000002F4 E3730004        cmp              r3, #-4
  327 000002F8 1A000002        bne              cmpThirteen
  328 000002FC         dispTwelve
  329 000002FC E3A0B803        mov              r11, #0x00030000
  330 00000300 E582B000        str              r11, [r2]
  331 00000304 EA000013        b                done
  332 00000308         cmpThirteen
  333 00000308 E353000D        cmp              r3, #13
  334 0000030C 0A000001        beq              dispThirteen
  335 00000310 E3730003        cmp              r3, #-3
  336 00000314 1A000002        bne              cmpFourteen
  337 00000318         dispThirteen
  338 00000318 E3A0B80B        mov              r11, #0x000B0000
  339 0000031C E582B000        str              r11, [r2]
  340 00000320 EA00000C        b                done
  341 00000324         cmpFourteen
  342 00000324 E353000E        cmp              r3, #14
  343 00000328 0A000001        beq              dispFourteen
  344 0000032C E3730002        cmp              r3, #-2
  345 00000330 1A000002        bne              cmpFifteen
  346 00000334         dispFourteen



ARM Macro Assembler    Page 7 


  347 00000334 E3A0B807        mov              r11, #0x00070000
  348 00000338 E582B000        str              r11, [r2]
  349 0000033C EA000005        b                done
  350 00000340         cmpFifteen
  351 00000340 E353000F        cmp              r3, #15
  352 00000344 0A000001        beq              dispFifteen
  353 00000348 E3730001        cmp              r3, #-1
  354 0000034C 1A000001        bne              done
  355 00000350         dispFifteen
  356 00000350 E3A0B80F        mov              r11, #0x000F0000
  357 00000354 E582B000        str              r11, [r2]
  358 00000358         done
  359 00000358 E59F402C        ldr              r4, =2000000
  360 0000035C         dloop
  361 0000035C E2544001        subs             r4,r4,#1
  362 00000360 E3540000        cmp              r4,#0
  363 00000364 1AFFFFFC        bne              dloop
  364 00000368 E3A0B80F        mov              r11, #0x000f0000
  365 0000036C         ;str r11, [r1]
  366 0000036C E8BD9FF0        pop{r4-r12,pc}
  367 00000370 E12FFF1E        bx               lr
  368 00000374         
  369 00000374         
  370 00000374         
  371 00000374         ;dispzero
  372 00000374         ;push{r0-r12}
  373 00000374         ;subs r4,r4,#1
  374 00000374         ;cmp  r4,#0 
  375 00000374         ;bne deloop
  376 00000374         
  377 00000374         ;mov r11, #0x000f0000
  378 00000374         ;str r11, [r1]
  379 00000374         
  380 00000374         
  381 00000374                 END
              40002000 
              E0028018 
              E0028014 
              E002801C 
              E0028010 
              00186A00 
              001E8480 
Command Line: --debug --xref --diag_suppress=9931 --apcs=interwork --depend=.\a
pp.d -o.\app.o -IC:\Keil_v5\ARM\RV31\INC -IC:\Keil_v5\ARM\CMSIS\Include -IC:\Ke
il_v5\ARM\Inc\Philips --predefine="__EVAL SETA 1" --predefine="__MICROLIB SETA 
1" --predefine="__UVISION_VERSION SETA 516" --list=.\listings\app.lst App.s



ARM Macro Assembler    Page 1 Alphabetic symbol ordering
Relocatable symbols

AsmTemplate 00000000

Symbol: AsmTemplate
   Definitions
      At line 1 in file App.s
   Uses
      None
Comment: AsmTemplate unused
Main 00000024

Symbol: Main
   Definitions
      At line 50 in file App.s
   Uses
      At line 65 in file App.s
      At line 69 in file App.s
      At line 73 in file App.s
      At line 79 in file App.s
      At line 89 in file App.s
      At line 113 in file App.s
      At line 118 in file App.s

addOne 0000005C

Symbol: addOne
   Definitions
      At line 66 in file App.s
   Uses
      At line 58 in file App.s
Comment: addOne used once
button1 00000100

Symbol: button1
   Definitions
      At line 148 in file App.s
   Uses
      At line 140 in file App.s
Comment: button1 used once
button1lp 00000160

Symbol: button1lp
   Definitions
      At line 185 in file App.s
   Uses
      At line 175 in file App.s
Comment: button1lp used once
button2 00000108

Symbol: button2
   Definitions
      At line 151 in file App.s
   Uses
      At line 142 in file App.s
Comment: button2 used once
button2lp 00000168

Symbol: button2lp
   Definitions
      At line 188 in file App.s



ARM Macro Assembler    Page 2 Alphabetic symbol ordering
Relocatable symbols

   Uses
      At line 177 in file App.s
Comment: button2lp used once
button3 00000110

Symbol: button3
   Definitions
      At line 154 in file App.s
   Uses
      At line 144 in file App.s
Comment: button3 used once
button3lp 00000170

Symbol: button3lp
   Definitions
      At line 191 in file App.s
   Uses
      At line 179 in file App.s
Comment: button3lp used once
button4 00000118

Symbol: button4
   Definitions
      At line 157 in file App.s
   Uses
      At line 146 in file App.s
Comment: button4 used once
button4lp 00000178

Symbol: button4lp
   Definitions
      At line 194 in file App.s
   Uses
      At line 181 in file App.s
Comment: button4lp used once
clear 000000A8

Symbol: clear
   Definitions
      At line 108 in file App.s
   Uses
      At line 56 in file App.s
Comment: clear used once
clrOpr 000000BC

Symbol: clrOpr
   Definitions
      At line 115 in file App.s
   Uses
      At line 54 in file App.s
Comment: clrOpr used once
cmpEight 0000027C

Symbol: cmpEight
   Definitions
      At line 287 in file App.s
   Uses
      At line 282 in file App.s
Comment: cmpEight used once



ARM Macro Assembler    Page 3 Alphabetic symbol ordering
Relocatable symbols

cmpEleven 000002D0

Symbol: cmpEleven
   Definitions
      At line 314 in file App.s
   Uses
      At line 309 in file App.s
Comment: cmpEleven used once
cmpFifteen 00000340

Symbol: cmpFifteen
   Definitions
      At line 350 in file App.s
   Uses
      At line 345 in file App.s
Comment: cmpFifteen used once
cmpFive 00000228

Symbol: cmpFive
   Definitions
      At line 260 in file App.s
   Uses
      At line 255 in file App.s
Comment: cmpFive used once
cmpFour 0000020C

Symbol: cmpFour
   Definitions
      At line 251 in file App.s
   Uses
      At line 246 in file App.s
Comment: cmpFour used once
cmpFourteen 00000324

Symbol: cmpFourteen
   Definitions
      At line 341 in file App.s
   Uses
      At line 336 in file App.s
Comment: cmpFourteen used once
cmpNine 00000298

Symbol: cmpNine
   Definitions
      At line 296 in file App.s
   Uses
      At line 291 in file App.s
Comment: cmpNine used once
cmpOne 000001B8

Symbol: cmpOne
   Definitions
      At line 224 in file App.s
   Uses
      At line 221 in file App.s
Comment: cmpOne used once
cmpSeven 00000260

Symbol: cmpSeven



ARM Macro Assembler    Page 4 Alphabetic symbol ordering
Relocatable symbols

   Definitions
      At line 278 in file App.s
   Uses
      At line 273 in file App.s
Comment: cmpSeven used once
cmpSix 00000244

Symbol: cmpSix
   Definitions
      At line 269 in file App.s
   Uses
      At line 264 in file App.s
Comment: cmpSix used once
cmpTen 000002B4

Symbol: cmpTen
   Definitions
      At line 305 in file App.s
   Uses
      At line 300 in file App.s
Comment: cmpTen used once
cmpThirteen 00000308

Symbol: cmpThirteen
   Definitions
      At line 332 in file App.s
   Uses
      At line 327 in file App.s
Comment: cmpThirteen used once
cmpThree 000001F0

Symbol: cmpThree
   Definitions
      At line 242 in file App.s
   Uses
      At line 237 in file App.s
Comment: cmpThree used once
cmpTwelve 000002EC

Symbol: cmpTwelve
   Definitions
      At line 323 in file App.s
   Uses
      At line 318 in file App.s
Comment: cmpTwelve used once
cmpTwo 000001D4

Symbol: cmpTwo
   Definitions
      At line 233 in file App.s
   Uses
      At line 228 in file App.s
Comment: cmpTwo used once
deLoop 00000124

Symbol: deLoop
   Definitions
      At line 163 in file App.s
   Uses



ARM Macro Assembler    Page 5 Alphabetic symbol ordering
Relocatable symbols

      At line 167 in file App.s
Comment: deLoop used once
delay 00000120

Symbol: delay
   Definitions
      At line 161 in file App.s
   Uses
      At line 150 in file App.s
      At line 153 in file App.s
      At line 156 in file App.s
      At line 159 in file App.s

deloop 00000190

Symbol: deloop
   Definitions
      At line 211 in file App.s
   Uses
      At line 214 in file App.s
Comment: deloop used once
dispEight 0000028C

Symbol: dispEight
   Definitions
      At line 292 in file App.s
   Uses
      At line 289 in file App.s
Comment: dispEight used once
dispEleven 000002E0

Symbol: dispEleven
   Definitions
      At line 319 in file App.s
   Uses
      At line 316 in file App.s
Comment: dispEleven used once
dispFifteen 00000350

Symbol: dispFifteen
   Definitions
      At line 355 in file App.s
   Uses
      At line 352 in file App.s
Comment: dispFifteen used once
dispFirstNum 00000098

Symbol: dispFirstNum
   Definitions
      At line 85 in file App.s
   Uses
      At line 82 in file App.s
Comment: dispFirstNum used once
dispFive 00000238

Symbol: dispFive
   Definitions
      At line 265 in file App.s
   Uses



ARM Macro Assembler    Page 6 Alphabetic symbol ordering
Relocatable symbols

      At line 262 in file App.s
Comment: dispFive used once
dispFour 0000021C

Symbol: dispFour
   Definitions
      At line 256 in file App.s
   Uses
      At line 253 in file App.s
Comment: dispFour used once
dispFourteen 00000334

Symbol: dispFourteen
   Definitions
      At line 346 in file App.s
   Uses
      At line 343 in file App.s
Comment: dispFourteen used once
dispNine 000002A8

Symbol: dispNine
   Definitions
      At line 301 in file App.s
   Uses
      At line 298 in file App.s
Comment: dispNine used once
dispOne 000001C8

Symbol: dispOne
   Definitions
      At line 229 in file App.s
   Uses
      At line 226 in file App.s
Comment: dispOne used once
dispSeven 00000270

Symbol: dispSeven
   Definitions
      At line 283 in file App.s
   Uses
      At line 280 in file App.s
Comment: dispSeven used once
dispSix 00000254

Symbol: dispSix
   Definitions
      At line 274 in file App.s
   Uses
      At line 271 in file App.s
Comment: dispSix used once
dispTen 000002C4

Symbol: dispTen
   Definitions
      At line 310 in file App.s
   Uses
      At line 307 in file App.s
Comment: dispTen used once
dispThirteen 00000318



ARM Macro Assembler    Page 7 Alphabetic symbol ordering
Relocatable symbols


Symbol: dispThirteen
   Definitions
      At line 337 in file App.s
   Uses
      At line 334 in file App.s
Comment: dispThirteen used once
dispThree 00000200

Symbol: dispThree
   Definitions
      At line 247 in file App.s
   Uses
      At line 244 in file App.s
Comment: dispThree used once
dispTwelve 000002FC

Symbol: dispTwelve
   Definitions
      At line 328 in file App.s
   Uses
      At line 325 in file App.s
Comment: dispTwelve used once
dispTwo 000001E4

Symbol: dispTwo
   Definitions
      At line 238 in file App.s
   Uses
      At line 235 in file App.s
Comment: dispTwo used once
display 00000188

Symbol: display
   Definitions
      At line 207 in file App.s
   Uses
      At line 68 in file App.s
      At line 72 in file App.s
      At line 77 in file App.s
      At line 86 in file App.s
      At line 112 in file App.s
      At line 117 in file App.s

dloop 0000035C

Symbol: dloop
   Definitions
      At line 360 in file App.s
   Uses
      At line 363 in file App.s
Comment: dloop used once
done 00000358

Symbol: done
   Definitions
      At line 358 in file App.s
   Uses
      At line 223 in file App.s



ARM Macro Assembler    Page 8 Alphabetic symbol ordering
Relocatable symbols

      At line 232 in file App.s
      At line 241 in file App.s
      At line 250 in file App.s
      At line 259 in file App.s
      At line 268 in file App.s
      At line 277 in file App.s
      At line 286 in file App.s
      At line 295 in file App.s
      At line 304 in file App.s
      At line 313 in file App.s
      At line 322 in file App.s
      At line 331 in file App.s
      At line 340 in file App.s
      At line 349 in file App.s
      At line 354 in file App.s

finish 00000180

Symbol: finish
   Definitions
      At line 200 in file App.s
   Uses
      At line 183 in file App.s
      At line 187 in file App.s
      At line 190 in file App.s
      At line 193 in file App.s
      At line 196 in file App.s

getSecNumToAdd 00000074

Symbol: getSecNumToAdd
   Definitions
      At line 74 in file App.s
   Uses
      At line 62 in file App.s
Comment: getSecNumToAdd used once
getSecNumToSub 00000088

Symbol: getSecNumToSub
   Definitions
      At line 80 in file App.s
   Uses
      At line 64 in file App.s
Comment: getSecNumToSub used once
longTest 00000134

Symbol: longTest
   Definitions
      At line 169 in file App.s
   Uses
      At line 166 in file App.s
Comment: longTest used once
loop 000000D0

Symbol: loop
   Definitions
      At line 135 in file App.s
   Uses
      At line 147 in file App.s



ARM Macro Assembler    Page 9 Alphabetic symbol ordering
Relocatable symbols

Comment: loop used once
pressButtons 000000CC

Symbol: pressButtons
   Definitions
      At line 132 in file App.s
   Uses
      At line 51 in file App.s
Comment: pressButtons used once
start 00000000

Symbol: start
   Definitions
      At line 9 in file App.s
   Uses
      At line 8 in file App.s
Comment: start used once
stop 000000C8

Symbol: stop
   Definitions
      At line 124 in file App.s
   Uses
      At line 124 in file App.s
Comment: stop used once
subOne 00000068

Symbol: subOne
   Definitions
      At line 70 in file App.s
   Uses
      At line 60 in file App.s
Comment: subOne used once
59 symbols



ARM Macro Assembler    Page 1 Alphabetic symbol ordering
Absolute symbols

IO1CLR E002801C

Symbol: IO1CLR
   Definitions
      At line 13 in file App.s
   Uses
      At line 23 in file App.s
Comment: IO1CLR used once
IO1DIR E0028018

Symbol: IO1DIR
   Definitions
      At line 11 in file App.s
   Uses
      At line 18 in file App.s
Comment: IO1DIR used once
IO1PIN E0028010

Symbol: IO1PIN
   Definitions
      At line 14 in file App.s
   Uses
      At line 136 in file App.s
Comment: IO1PIN used once
IO1SET E0028014

Symbol: IO1SET
   Definitions
      At line 12 in file App.s
   Uses
      At line 21 in file App.s
Comment: IO1SET used once
4 symbols



ARM Macro Assembler    Page 1 Alphabetic symbol ordering
External symbols

main 00000000

Symbol: main
   Definitions
      At line 3 in file App.s
   Uses
      None
Comment: main unused
1 symbol
399 symbols in table
